<?xml version="1.0" encoding="UTF-8"?>
<!-- Generated by org.testng.reporters.JUnitReportReporter -->
<testsuite hostname="ASCINLAP61434" failures="0" tests="1" name="com.firstcry.test.spoofwislist" time="11.346" errors="0" timestamp="2025-10-25T16:57:00 IST" skipped="0">
  <testcase classname="com.firstcry.test.spoofwislist" name="testAddingProductToWishlistAndShortlist" time="11.346"/>
</testsuite> <!-- com.firstcry.test.spoofwislist -->
