<?xml version="1.0" encoding="UTF-8"?>
<!-- Generated by org.testng.reporters.JUnitReportReporter -->
<testsuite hostname="ASCINLAP61434" failures="0" tests="1" name="com.firstcry.test.RemoveShortlist" time="14.587" errors="0" timestamp="2025-10-28T18:01:11 IST" skipped="0">
  <testcase classname="com.firstcry.test.RemoveShortlist" name="removeFromShortlist" time="14.587"/>
</testsuite> <!-- com.firstcry.test.RemoveShortlist -->
