<?xml version="1.0" encoding="UTF-8"?>
<!-- Generated by org.testng.reporters.JUnitReportReporter -->
<testsuite hostname="ASCINLAP61434" failures="0" tests="1" name="com.firstcry.test.spooflogin" time="46.256" errors="0" timestamp="2025-10-25T16:57:00 IST" skipped="0">
  <testcase classname="com.firstcry.test.spooflogin" name="testLoginWithMobileNumberAndOTP" time="46.256"/>
</testsuite> <!-- com.firstcry.test.spooflogin -->
