<?xml version="1.0" encoding="UTF-8"?>
<!-- Generated by org.testng.reporters.JUnitReportReporter -->
<testsuite hostname="ASCINLAP61434" failures="0" tests="2" name="pack1.Build" time="34.819" errors="0" timestamp="2025-10-22T13:58:35 IST" skipped="0">
  <testcase classname="pack1.Build" name="f" time="22.683"/>
  <system-out/>
  <testcase classname="pack1.Build" name="f" time="12.136"/>
  <system-out/>
</testsuite> <!-- pack1.Build -->
