<?xml version="1.0" encoding="UTF-8"?>
<!-- Generated by org.testng.reporters.JUnitReportReporter -->
<testsuite hostname="ASCINLAP61434" failures="0" tests="1" name="com.firstcry.test.spoofa2d" time="12.806" errors="0" timestamp="2025-10-25T16:57:00 IST" skipped="0">
  <testcase classname="com.firstcry.test.spoofa2d" name="testAddingProductToWishlistAndShortlist" time="12.806"/>
</testsuite> <!-- com.firstcry.test.spoofa2d -->
