<?xml version="1.0" encoding="UTF-8"?>
<!-- Generated by org.testng.reporters.JUnitReportReporter -->
<testsuite hostname="ASCINLAP61434" failures="0" tests="1" name="com.firstcry.test.spoofa2d" time="10.848" errors="0" timestamp="2025-10-28T18:01:10 IST" skipped="0">
  <testcase classname="com.firstcry.test.spoofa2d" name="testAddingProductToAddtocart" time="10.848"/>
</testsuite> <!-- com.firstcry.test.spoofa2d -->
