<?xml version="1.0" encoding="UTF-8"?>
<!-- Generated by org.testng.reporters.JUnitReportReporter -->
<testsuite hostname="ASCINLAP61434" failures="0" tests="1" name="com.firstcry.test.WishlistTest" time="30.841" errors="0" timestamp="2025-10-24T22:00:11 IST" skipped="0">
  <testcase classname="com.firstcry.test.WishlistTest" name="testAddingProductToWishlistAndShortlist" time="30.841"/>
</testsuite> <!-- com.firstcry.test.WishlistTest -->
