<?xml version="1.0" encoding="UTF-8"?>
<!-- Generated by org.testng.reporters.JUnitReportReporter -->
<testsuite hostname="ASCINLAP61434" failures="0" tests="3" name="com.firstcry.tests.loginfirstcry" time="48.593" errors="0" timestamp="2025-10-24T12:01:04 IST" skipped="0">
  <testcase classname="com.firstcry.tests.loginfirstcry" name="verifylogin" time="18.308"/>
  <testcase classname="com.firstcry.tests.loginfirstcry" name="verifylogin" time="17.493"/>
  <testcase classname="com.firstcry.tests.loginfirstcry" name="verifylogin" time="12.792"/>
</testsuite> <!-- com.firstcry.tests.loginfirstcry -->
