<?xml version="1.0" encoding="UTF-8"?>
<!-- Generated by org.testng.reporters.JUnitReportReporter -->
<testsuite hostname="ASCINLAP61434" failures="0" tests="1" name="com.firstcry.test.WishlistToCart" time="15.575" errors="0" timestamp="2025-10-28T00:09:26 IST" skipped="0">
  <testcase classname="com.firstcry.test.WishlistToCart" name="removeFromCart" time="15.575"/>
</testsuite> <!-- com.firstcry.test.WishlistToCart -->
