<?xml version="1.0" encoding="UTF-8"?>
<!-- Generated by org.testng.reporters.JUnitReportReporter -->
<testsuite hostname="ASCINLAP61434" failures="0" tests="1" name="com.firstcry.test.spoofsearchtest" time="24.302" errors="0" timestamp="2025-10-28T18:01:10 IST" skipped="0">
  <testcase classname="com.firstcry.test.spoofsearchtest" name="searchbutton" time="24.302"/>
</testsuite> <!-- com.firstcry.test.spoofsearchtest -->
