<?xml version="1.0" encoding="UTF-8"?>
<!-- Generated by org.testng.reporters.JUnitReportReporter -->
<testsuite hostname="ASCINLAP61434" failures="0" tests="2" name="pack1.TC008_TestNG" time="28.154" errors="0" timestamp="2025-10-15T10:44:43 IST" skipped="0">
  <testcase classname="pack1.TC008_TestNG" name="f" time="9.608"/>
  <system-out/>
  <testcase classname="pack1.TC008_TestNG" name="f" time="18.546"/>
  <system-out/>
</testsuite> <!-- pack1.TC008_TestNG -->
