<?xml version="1.0" encoding="UTF-8"?>
<!-- Generated by org.testng.reporters.JUnitReportReporter -->
<testsuite hostname="ASCINLAP61434" failures="0" tests="2" name="pack1.Revised_TC" time="16.299" errors="0" timestamp="2025-10-15T15:29:24 IST" skipped="0">
  <testcase classname="pack1.Revised_TC" name="loginTest" time="4.098"/>
  <system-out/>
  <testcase classname="pack1.Revised_TC" name="loginTest" time="12.201"/>
  <system-out/>
</testsuite> <!-- pack1.Revised_TC -->
