<?xml version="1.0" encoding="UTF-8"?>
<!-- Generated by org.testng.reporters.JUnitReportReporter -->
<testsuite hostname="ASCENDI-CND5MG9" failures="0" tests="5" name="com.firstcryapp.test.Combined_FirstCry_" time="48.969" errors="0" timestamp="2025-10-30T15:27:33 IST" skipped="0">
  <testcase classname="com.firstcryapp.test.Combined_FirstCry_" name="TC_notification_1" time="1.602"/>
  <testcase classname="com.firstcryapp.test.Combined_FirstCry_" name="TC_Login_2" time="2.803"/>
  <testcase classname="com.firstcryapp.test.Combined_FirstCry_" name="TC_UserLogin_3" time="10.277"/>
  <testcase classname="com.firstcryapp.test.Combined_FirstCry_" name="TC_Search_4" time="17.145"/>
  <testcase classname="com.firstcryapp.test.Combined_FirstCry_" name="TC_Whislist_5" time="17.142"/>
</testsuite> <!-- com.firstcryapp.test.Combined_FirstCry_ -->
